Thu Jan 09 2025 11:8:33 } [PH] info: Connected to MongoDB successfully.
Thu Jan 09 2025 11:8:33 } [PH] info: Server running on port 5000
Thu Jan 09 2025 11:8:33 } [PH] info: Connected to RabbitMQ
Thu Jan 09 2025 11:9:18 } [PH] info: Connected to MongoDB successfully.
Thu Jan 09 2025 11:9:18 } [PH] info: Server running on port 5000
Thu Jan 09 2025 11:9:18 } [PH] info: Connected to RabbitMQ
Thu Jan 09 2025 11:10:57 } [PH] info: Connected to MongoDB successfully.
Thu Jan 09 2025 11:10:57 } [PH] info: Server running on port 5000
Thu Jan 09 2025 11:10:57 } [PH] info: Connected to RabbitMQ
Thu Jan 09 2025 11:18:36 } [PH] info: SIGINT received. Closing server.
Thu Jan 09 2025 11:18:45 } [PH] info: Connected to MongoDB successfully.
Thu Jan 09 2025 11:18:45 } [PH] info: Server running on port 5000
Thu Jan 09 2025 11:18:45 } [PH] info: Connected to RabbitMQ
Thu Jan 09 2025 11:20:29 } [PH] info: Connected to MongoDB successfully.
Thu Jan 09 2025 11:20:29 } [PH] info: Server running on port 5000
Thu Jan 09 2025 11:20:29 } [PH] info: Connected to RabbitMQ
Thu Jan 09 2025 11:20:51 } [PH] info: Connected to MongoDB successfully.
Thu Jan 09 2025 11:20:51 } [PH] info: Server running on port 5000
Thu Jan 09 2025 11:20:51 } [PH] info: Connected to RabbitMQ
Thu Jan 09 2025 11:25:31 } [PH] info: Connected to MongoDB successfully.
Thu Jan 09 2025 11:25:31 } [PH] info: Server running on port 5000
Thu Jan 09 2025 11:25:31 } [PH] info: Connected to RabbitMQ
Thu Jan 09 2025 11:28:45 } [PH] info: Connected to MongoDB successfully.
Thu Jan 09 2025 11:28:45 } [PH] info: Server running on port 5000
Thu Jan 09 2025 11:28:45 } [PH] info: Connected to RabbitMQ
Thu Jan 09 2025 11:28:49 } [PH] info: Connected to MongoDB successfully.
Thu Jan 09 2025 11:28:49 } [PH] info: Server running on port 5000
Thu Jan 09 2025 11:28:49 } [PH] info: Connected to RabbitMQ
Thu Jan 09 2025 11:29:6 } [PH] info: Connected to MongoDB successfully.
Thu Jan 09 2025 11:29:6 } [PH] info: Server running on port 5000
Thu Jan 09 2025 11:29:6 } [PH] info: Connected to RabbitMQ
Thu Jan 09 2025 11:29:17 } [PH] info: Connected to MongoDB successfully.
Thu Jan 09 2025 11:29:17 } [PH] info: Server running on port 5000
Thu Jan 09 2025 11:29:17 } [PH] info: Connected to RabbitMQ
Thu Jan 09 2025 11:31:0 } [PH] info: Connected to MongoDB successfully.
Thu Jan 09 2025 11:31:0 } [PH] info: Server running on port 5000
Thu Jan 09 2025 11:31:0 } [PH] info: Connected to RabbitMQ
Thu Jan 09 2025 11:31:45 } [PH] info: Connected to MongoDB successfully.
Thu Jan 09 2025 11:31:45 } [PH] info: Server running on port 5000
Thu Jan 09 2025 11:31:45 } [PH] info: Connected to RabbitMQ
Thu Jan 09 2025 11:32:35 } [PH] info: Connected to MongoDB successfully.
Thu Jan 09 2025 11:33:9 } [PH] info: Connected to MongoDB successfully.
Thu Jan 09 2025 11:34:16 } [PH] info: Connected to MongoDB successfully.
Thu Jan 09 2025 11:34:16 } [PH] info: Server running on port 5000
Thu Jan 09 2025 11:34:17 } [PH] info: Connected to RabbitMQ
Thu Jan 09 2025 11:35:21 } [PH] info: Connected to MongoDB successfully.
Thu Jan 09 2025 11:35:21 } [PH] info: Server running on port 5000
Thu Jan 09 2025 11:35:21 } [PH] info: Connected to RabbitMQ
Thu Jan 09 2025 11:36:55 } [PH] info: Connected to MongoDB successfully.
Thu Jan 09 2025 11:36:55 } [PH] info: Server running on port 5000
Thu Jan 09 2025 11:36:55 } [PH] info: Connected to RabbitMQ
Thu Jan 09 2025 11:37:36 } [PH] info: SIGINT received. Closing server.
Thu Jan 09 2025 11:37:51 } [PH] info: Connected to MongoDB successfully.
Thu Jan 09 2025 11:37:51 } [PH] info: Server running on port 5000
Thu Jan 09 2025 11:37:51 } [PH] info: Connected to RabbitMQ
Thu Jan 09 2025 11:38:41 } [PH] info: Connected to MongoDB successfully.
Thu Jan 09 2025 11:38:41 } [PH] info: Server running on port 5000
Thu Jan 09 2025 11:38:41 } [PH] info: Connected to RabbitMQ
Thu Jan 09 2025 11:39:36 } [PH] info: Connected to MongoDB successfully.
Thu Jan 09 2025 11:39:36 } [PH] info: Server running on port 5000
Thu Jan 09 2025 11:39:36 } [PH] info: Connected to RabbitMQ
Thu Jan 09 2025 11:39:49 } [PH] info: Connected to MongoDB successfully.
Thu Jan 09 2025 11:39:49 } [PH] info: Server running on port 5000
Thu Jan 09 2025 11:39:49 } [PH] info: Connected to RabbitMQ
Thu Jan 09 2025 11:41:19 } [PH] info: Connected to MongoDB successfully.
Thu Jan 09 2025 11:41:19 } [PH] info: Server running on port 5000
Thu Jan 09 2025 11:41:19 } [PH] info: Connected to RabbitMQ
Thu Jan 09 2025 11:43:24 } [PH] info: Connected to MongoDB successfully.
Thu Jan 09 2025 11:43:24 } [PH] info: Server running on port 5000
Thu Jan 09 2025 11:43:24 } [PH] error: Failed to connect to RabbitMQ: (0 , rabbitmq_1.connect) is not a function
Thu Jan 09 2025 11:44:12 } [PH] info: Connected to MongoDB successfully.
Thu Jan 09 2025 11:44:12 } [PH] info: Server running on port 5000
Thu Jan 09 2025 11:44:12 } [PH] info: Connected to RabbitMQ
Thu Jan 09 2025 11:44:26 } [PH] info: Connected to MongoDB successfully.
Thu Jan 09 2025 11:44:26 } [PH] info: Server running on port 5000
Thu Jan 09 2025 11:44:26 } [PH] info: Connected to RabbitMQ
Thu Jan 09 2025 11:44:29 } [PH] info: SIGINT received. Closing server.
